<?xml version="1.0" encoding="UTF-8"?>
<!-- Generated by org.testng.reporters.JUnitReportReporter -->
<testsuite hostname="MP-04AZ48" name="com.appiumlearning.test.AppiumTests.OpenEriBankApp" tests="1" failures="0" timestamp="4 Feb 2015 18:13:54 GMT" time="55.939" errors="0">
  <testcase name="openEriBankApp" time="55.939" classname="com.appiumlearning.test.AppiumTests.OpenEriBankApp"/>
</testsuite> <!-- com.appiumlearning.test.AppiumTests.OpenEriBankApp -->
