<?xml version="1.0" encoding="UTF-8"?>
<!-- Generated by org.testng.reporters.JUnitReportReporter -->
<testsuite hostname="MP-04AZ48" name="com.appiumlearning.pageobjectmodeltests.LoginEriBank" tests="1" failures="0" timestamp="4 Feb 2015 18:41:37 GMT" time="23.429" errors="0">
  <testcase name="loginToEriBank" time="23.429" classname="com.appiumlearning.pageobjectmodeltests.LoginEriBank"/>
</testsuite> <!-- com.appiumlearning.pageobjectmodeltests.LoginEriBank -->
