<?xml version="1.0" encoding="UTF-8"?>
<!-- Generated by org.testng.reporters.JUnitReportReporter -->
<testsuite hostname="MP-04AZ48" name="com.appiumlearning.pageobjectmodeltests.TestSendMoney" tests="1" failures="0" timestamp="10 Feb 2015 21:51:05 GMT" time="39.395" errors="0">
  <testcase name="loginToEriBank" time="39.395" classname="com.appiumlearning.pageobjectmodeltests.TestSendMoney"/>
</testsuite> <!-- com.appiumlearning.pageobjectmodeltests.TestSendMoney -->
